mode: atomic
shared/utillog/log.go:8.18,19.2 1 0
shared/utilhttp/error.go:7.39,9.2 1 0
shared/utilhttp/error.go:15.41,17.2 1 0
shared/utilhttp/error.go:23.45,25.2 1 0
shared/utilhttp/error.go:31.43,33.2 1 0
shared/utilhttp/error.go:39.40,41.2 1 0
shared/utilhttp/error.go:47.39,49.2 1 0
shared/utilhttp/error.go:55.46,57.2 1 0
shared/utilhttp/request.go:14.84,16.2 1 0
shared/utilhttp/request.go:18.82,20.9 2 0
shared/utilhttp/request.go:20.9,23.3 2 0
shared/utilhttp/request.go:24.2,24.15 1 0
shared/utilhttp/request.go:27.55,31.16 3 0
shared/utilhttp/request.go:31.16,33.3 1 0
shared/utilhttp/request.go:34.2,37.49 3 0
shared/utilhttp/request.go:37.49,39.3 1 0
shared/utilhttp/request.go:41.2,41.18 1 0
shared/utilhttp/response.go:27.43,27.44 0 0
shared/utilhttp/response.go:28.43,28.44 0 0
shared/utilhttp/response.go:30.69,33.55 3 0
shared/utilhttp/response.go:33.55,36.3 2 0
shared/utilhttp/response.go:39.54,41.2 1 0
shared/utilhttp/response.go:43.60,45.2 1 0
shared/utilhttp/response.go:47.54,58.9 2 0
shared/utilhttp/response.go:59.36,60.35 1 0
shared/utilhttp/response.go:61.38,62.39 1 0
shared/utilhttp/response.go:63.42,64.52 1 0
shared/utilhttp/response.go:65.40,66.43 1 0
shared/utilhttp/response.go:67.37,68.37 1 0
shared/utilhttp/response.go:69.36,70.35 1 0
shared/utilhttp/response.go:71.38,72.44 1 0
shared/utilhttp/response.go:73.10,74.38 1 0
shared/utilhttp/response.go:78.68,80.2 1 0
shared/utilhttp/response.go:82.59,84.2 1 0
shared/utilhttp/response.go:86.57,88.2 1 0
shared/utilhttp/response.go:90.61,92.2 1 0
shared/utilhttp/response.go:94.58,96.2 1 0
shared/utilhttp/response.go:98.57,100.2 1 0
shared/utilhttp/response.go:102.64,104.2 1 0
